<?xml version="1.0" encoding="UTF-8"?>
<robot generator="Robot 7.0 (Python 3.12.1 on win32)" generated="2024-05-18T13:53:18.665561" rpa="false" schemaversion="5">
<suite id="s1" name="Wait" source="D:\CREDENCE CLASS\AUTOMATION\Robot\TestCase\wait.robot">
<test id="s1-t1" name="Wait Page Handles" line="10">
<kw name="Open Browser" owner="SeleniumLibrary">
<msg time="2024-05-18T13:53:19.111823" level="INFO">Opening browser 'chrome' to base url 'https://www.hyrtutorials.com/p/waits-demo.html'.</msg>
<arg>${url}</arg>
<arg>chrome</arg>
<doc>Opens a new browser instance to the optional ``url``.</doc>
<status status="PASS" start="2024-05-18T13:53:19.111823" elapsed="10.010774"/>
</kw>
<kw name="Maximize Browser Window" owner="SeleniumLibrary">
<doc>Maximizes current browser window.</doc>
<status status="PASS" start="2024-05-18T13:53:29.124600" elapsed="0.143911"/>
</kw>
<kw name="Click Element" owner="SeleniumLibrary">
<msg time="2024-05-18T13:53:29.277506" level="INFO">Clicking element 'xpath://button[@id='btn1']'.</msg>
<arg>xpath://button[@id='btn1']</arg>
<doc>Click the element identified by ``locator``.</doc>
<status status="PASS" start="2024-05-18T13:53:29.275507" elapsed="0.145909"/>
</kw>
<kw name="Wait Until Page Contains Element" owner="SeleniumLibrary">
<arg>xpath://h3[normalize-space()='Show the textboxes here:']//input[@id='txt1']</arg>
<doc>Waits until the element ``locator`` appears on the current page.</doc>
<status status="PASS" start="2024-05-18T13:53:29.422415" elapsed="5.022613"/>
</kw>
<kw name="Input Text" owner="SeleniumLibrary">
<msg time="2024-05-18T13:53:34.447025" level="INFO">Typing text 'Hello World' into text field 'xpath: //h3[normalize-space()='Show the textboxes here:']//input[@id='txt1']'.</msg>
<arg>xpath: //h3[normalize-space()='Show the textboxes here:']//input[@id='txt1']</arg>
<arg>Hello World</arg>
<doc>Types the given ``text`` into the text field identified by ``locator``.</doc>
<status status="PASS" start="2024-05-18T13:53:34.446034" elapsed="0.248669"/>
</kw>
<kw name="Capture Page Screenshot" owner="SeleniumLibrary">
<msg time="2024-05-18T13:53:34.855254" level="INFO" html="true">&lt;/td&gt;&lt;/tr&gt;&lt;tr&gt;&lt;td colspan="3"&gt;&lt;a href="CREDENCE%20CLASSAUTOMATIONRobotScreenShotswait.png"&gt;&lt;img src="CREDENCE%20CLASSAUTOMATIONRobotScreenShotswait.png" width="800px"&gt;&lt;/a&gt;</msg>
<arg>D:\CREDENCE CLASS\AUTOMATION\Robot\ScreenShots\wait.png</arg>
<doc>Takes a screenshot of the current page and embeds it into a log file.</doc>
<status status="PASS" start="2024-05-18T13:53:34.695301" elapsed="0.159953"/>
</kw>
<kw name="Sleep" owner="BuiltIn">
<msg time="2024-05-18T13:53:35.856742" level="INFO">Slept 1 second.</msg>
<arg>1</arg>
<doc>Pauses the test executed for the given time.</doc>
<status status="PASS" start="2024-05-18T13:53:34.856258" elapsed="1.000484"/>
</kw>
<status status="PASS" start="2024-05-18T13:53:19.109312" elapsed="16.749429"/>
</test>
<status status="PASS" start="2024-05-18T13:53:18.670119" elapsed="17.191621"/>
</suite>
<statistics>
<total>
<stat pass="1" fail="0" skip="0">All Tests</stat>
</total>
<tag>
</tag>
<suite>
<stat pass="1" fail="0" skip="0" id="s1" name="Wait">Wait</stat>
</suite>
</statistics>
<errors>
</errors>
</robot>
